sample.interval=20000
"grep" "yaml_front_matter" "knitr::knit_params" "<Anonymous>" 
"seq_along" "add_one_to_vec" 
"seq_along" "add_one_to_vec" 
"seq_along" "add_one_to_vec" 
"seq_along" "add_one_to_vec" 
"add_one_to_vec" 
"add_one_to_vec" 
"add_one_to_vec" 
"add_one" "add_one_to_vec" 
"add_one" "add_one_to_vec" 
"add_one" "add_one_to_vec" 
"add_one_to_vec" 
"add_one_to_vec" 
"add_one" "add_one_to_vec" 
"add_one_to_vec" 
"add_one" "add_one_to_vec" 
"add_one_to_vec" 
"add_one_to_vec" 
"add_one" "add_one_to_vec" 
"add_one" "add_one_to_vec" 
"add_one" "add_one_to_vec" 
"add_one_to_vec" 
"add_one" "add_one_to_vec" 
"add_one_to_vec" 
"add_one_to_vec" 
"add_one_to_vec" 
"add_one_to_vec" 
"add_one_to_vec" 
"add_one" "add_one_to_vec" 
"add_one_to_vec" 
"add_one_to_vec" 
"add_one" "add_one_to_vec" 
"add_one" "add_one_to_vec" 
"add_one" "add_one_to_vec" 
"add_one_to_vec" 
"add_one" "add_one_to_vec" 
"add_one_to_vec" 
"add_one" "add_one_to_vec" 
"add_one_to_vec" 
"add_one" "add_one_to_vec" 
"add_one_to_vec" 
"add_one" "add_one_to_vec" 
"add_one" "add_one_to_vec" 
"add_one" "add_one_to_vec" 
"add_one_to_vec" 
"add_one_to_vec" 
"add_one_to_vec" 
"add_one_to_vec" 
"add_one" "add_one_to_vec" 
"add_one_to_vec" 
"add_one" "add_one_to_vec" 
"add_one" "add_one_to_vec" 
"add_one" "add_one_to_vec" 
"add_one_to_vec" 
"add_one" "add_one_to_vec" 
"add_one" "add_one_to_vec" 
"+" "add_one" "add_one_to_vec" 
"add_one_to_vec" 
"add_one" "add_one_to_vec" 
"add_one_to_vec" 
"add_one_to_vec" 
"add_one_to_vec" 
"add_one" "add_one_to_vec" 
"add_one" "add_one_to_vec" 
"add_one_to_vec" 
"add_one_to_vec" 
"add_one" "add_one_to_vec" 
"add_one" "add_one_to_vec" 
"add_one_to_vec" 
"add_one_to_vec" 
"add_one" "add_one_to_vec" 
"add_one_to_vec" 
"add_one_to_vec" 
"add_one" "add_one_to_vec" 
"add_one" "add_one_to_vec" 
"+" "add_one" "add_one_to_vec" 
"add_one" "add_one_to_vec" 
"add_one_to_vec" 
"add_one" "add_one_to_vec" 
"add_one" "add_one_to_vec" 
"add_one" "add_one_to_vec" 
"add_one" "add_one_to_vec" 
"add_one_to_vec" 
"add_one" "add_one_to_vec" 
"add_one_to_vec" 
"add_one_to_vec" 
"add_one_to_vec" 
"add_one_to_vec" 
"add_one" "add_one_to_vec" 
"add_one" "add_one_to_vec" 
"add_one_to_vec" 
"add_one_to_vec" 
"add_one" "add_one_to_vec" 
"add_one_to_vec" 
"add_one" "add_one_to_vec" 
"add_one" "add_one_to_vec" 
"add_one_to_vec" 
"add_one_to_vec" 
"add_one" "add_one_to_vec" 
"add_one" "add_one_to_vec" 
"add_one" "add_one_to_vec" 
"add_one" "add_one_to_vec" 
"add_one_to_vec" 
"add_one" "add_one_to_vec" 
"add_one_to_vec" 
"add_one_to_vec" 
"add_one_to_vec" 
"add_one" "add_one_to_vec" 
"add_one_to_vec" 
"add_one" "add_one_to_vec" 
"add_one" "add_one_to_vec" 
"add_one_to_vec" 
"add_one_to_vec" 
"add_one_to_vec" 
"add_one" "add_one_to_vec" 
"add_one_to_vec" 
"add_one_to_vec" 
"add_one" "add_one_to_vec" 
"add_one" "add_one_to_vec" 
"add_one" "add_one_to_vec" 
"add_one_to_vec" 
"add_one_to_vec" 
"add_one" "add_one_to_vec" 
"add_one" "add_one_to_vec" 
"add_one_to_vec" 
"add_one" "add_one_to_vec" 
"add_one" "add_one_to_vec" 
"add_one" "add_one_to_vec" 
"add_one" "add_one_to_vec" 
"add_one" "add_one_to_vec" 
"add_one_to_vec" 
"add_one" "add_one_to_vec" 
"add_one_to_vec" 
"add_one" "add_one_to_vec" 
"add_one" "add_one_to_vec" 
"add_one" "add_one_to_vec" 
"add_one" "add_one_to_vec" 
"add_one" "add_one_to_vec" 
"add_one" "add_one_to_vec" 
"add_one" "add_one_to_vec" 
"add_one_to_vec" 
"+" "add_one" "add_one_to_vec" 
"add_one" "add_one_to_vec" 
"add_one_to_vec" 
"add_one_to_vec" 
"add_one" "add_one_to_vec" 
"add_one" "add_one_to_vec" 
"add_one" "add_one_to_vec" 
"add_one" "add_one_to_vec" 
"add_one_to_vec" 
"add_one" "add_one_to_vec" 
"add_one_to_vec" 
"add_one_to_vec" 
"add_one_to_vec" 
"add_one" "add_one_to_vec" 
"add_one_to_vec" 
"add_one_to_vec" 
"add_one" "add_one_to_vec" 
"+" "add_one" "add_one_to_vec" 
"add_one" "add_one_to_vec" 
"add_one" "add_one_to_vec" 
"add_one" "add_one_to_vec" 
"add_one" "add_one_to_vec" 
"add_one" "add_one_to_vec" 
"add_one_to_vec" 
"add_one" "add_one_to_vec" 
"add_one" "add_one_to_vec" 
"add_one_to_vec" 
"add_one_to_vec" 
"add_one_to_vec" 
"add_one_to_vec" 
"add_one" "add_one_to_vec" 
"add_one" "add_one_to_vec" 
"add_one" "add_one_to_vec" 
"add_one" "add_one_to_vec" 
"add_one" "add_one_to_vec" 
"add_one_to_vec" 
"add_one" "add_one_to_vec" 
"add_one" "add_one_to_vec" 
"add_one_to_vec" 
"add_one" "add_one_to_vec" 
